<?xml version="1.0" encoding="UTF-8"?>
<!-- Generated by org.testng.reporters.JUnitXMLReporter -->
<testsuite hostname="DESKTOP-5JURDOU" ignored="0" name="Default test" tests="7" failures="0" timestamp="2021-06-05T17:37:25 IST" time="60.194" errors="0">
  <testcase name="LaunchBrowser" time="8.981" classname="com.sgtesting.log4j.Assignment1"/>
  <testcase name="navigate" time="21.525" classname="com.sgtesting.log4j.Assignment1"/>
  <testcase name="login" time="8.234" classname="com.sgtesting.log4j.Assignment1"/>
  <testcase name="CreateUser" time="14.451" classname="com.sgtesting.log4j.Assignment1"/>
  <testcase name="DeleteUser" time="1.439" classname="com.sgtesting.log4j.Assignment1"/>
  <testcase name="logout" time="2.743" classname="com.sgtesting.log4j.Assignment1"/>
  <testcase name="closeApplication" time="1.284" classname="com.sgtesting.log4j.Assignment1"/>
</testsuite> <!-- Default test -->
