<?xml version="1.0" encoding="UTF-8"?>
<!-- Generated by org.testng.reporters.JUnitXMLReporter -->
<testsuite hostname="DESKTOP-5JURDOU" ignored="0" name="Scenarios" tests="111" failures="0" timestamp="2021-06-02T21:33:09 IST" time="411.833" errors="0">
  <testcase name="LaunchBrowser" time="44.591" classname="com.sgtesting.practice.Assignment1"/>
  <testcase name="navigate" time="3.703" classname="com.sgtesting.practice.Assignment1"/>
  <testcase name="login" time="12.309" classname="com.sgtesting.practice.Assignment1"/>
  <testcase name="CreateUser" time="12.17" classname="com.sgtesting.practice.Assignment1"/>
  <testcase name="DeleteUser" time="16.205" classname="com.sgtesting.practice.Assignment1"/>
  <testcase name="logout" time="16.216" classname="com.sgtesting.practice.Assignment1"/>
  <testcase name="closeApplication" time="0.257" classname="com.sgtesting.practice.Assignment1"/>
  <testcase name="LaunchBrowser" time="47.829" classname="com.sgtesting.practice.Assignment2"/>
  <testcase name="navigate" time="0.003" classname="com.sgtesting.practice.Assignment2"/>
  <testcase name="login" time="0.005" classname="com.sgtesting.practice.Assignment2"/>
  <testcase name="CreateUser" time="0.013" classname="com.sgtesting.practice.Assignment2"/>
  <testcase name="ModifyUser" time="0.005" classname="com.sgtesting.practice.Assignment2"/>
  <testcase name="DeleteUser" time="0.136" classname="com.sgtesting.practice.Assignment2"/>
  <testcase name="logout" time="1.017" classname="com.sgtesting.practice.Assignment2"/>
  <testcase name="closeApplication" time="0.001" classname="com.sgtesting.practice.Assignment2"/>
  <testcase name="LaunchBrowser" time="13.44" classname="com.sgtesting.practice.Assignment3"/>
  <testcase name="navigate" time="0.002" classname="com.sgtesting.practice.Assignment3"/>
  <testcase name="login" time="0.004" classname="com.sgtesting.practice.Assignment3"/>
  <testcase name="CreateCustomer" time="0.003" classname="com.sgtesting.practice.Assignment3"/>
  <testcase name="DeleteCustomer" time="0.002" classname="com.sgtesting.practice.Assignment3"/>
  <testcase name="logout" time="2.02" classname="com.sgtesting.practice.Assignment3"/>
  <testcase name="closeApplication" time="1.014" classname="com.sgtesting.practice.Assignment3"/>
  <testcase name="LaunchBrowser" time="11.267" classname="com.sgtesting.practice.Assignment4"/>
  <testcase name="navigate" time="0.01" classname="com.sgtesting.practice.Assignment4"/>
  <testcase name="login" time="0.002" classname="com.sgtesting.practice.Assignment4"/>
  <testcase name="CreateCustomer" time="0.015" classname="com.sgtesting.practice.Assignment4"/>
  <testcase name="ModifyCustomer" time="0.004" classname="com.sgtesting.practice.Assignment4"/>
  <testcase name="DeleteCustomer" time="0.006" classname="com.sgtesting.practice.Assignment4"/>
  <testcase name="logout" time="3.008" classname="com.sgtesting.practice.Assignment4"/>
  <testcase name="closeApplication" time="0.002" classname="com.sgtesting.practice.Assignment4"/>
  <testcase name="LaunchBrowser" time="15.771" classname="com.sgtesting.practice.Assignment5"/>
  <testcase name="navigate" time="2.918" classname="com.sgtesting.practice.Assignment5"/>
  <testcase name="login" time="0.28" classname="com.sgtesting.practice.Assignment5"/>
  <testcase name="CreateCustomer" time="0.041" classname="com.sgtesting.practice.Assignment5"/>
  <testcase name="CreateProject" time="0.01" classname="com.sgtesting.practice.Assignment5"/>
  <testcase name="DeleteProject" time="0.028" classname="com.sgtesting.practice.Assignment5"/>
  <testcase name="DeleteCustomer" time="0.015" classname="com.sgtesting.practice.Assignment5"/>
  <testcase name="logout" time="3.022" classname="com.sgtesting.practice.Assignment5"/>
  <testcase name="closeApplication" time="1.028" classname="com.sgtesting.practice.Assignment5"/>
  <testcase name="LaunchBrowser" time="8.393" classname="com.sgtesting.practice.Assignment6"/>
  <testcase name="navigate" time="13.147" classname="com.sgtesting.practice.Assignment6"/>
  <testcase name="login" time="6.615" classname="com.sgtesting.practice.Assignment6"/>
  <testcase name="createCustomer" time="0.022" classname="com.sgtesting.practice.Assignment6"/>
  <testcase name="CreateProject" time="1.037" classname="com.sgtesting.practice.Assignment6"/>
  <testcase name="modifyProject" time="0.017" classname="com.sgtesting.practice.Assignment6"/>
  <testcase name="DeleteProject" time="1.042" classname="com.sgtesting.practice.Assignment6"/>
  <testcase name="DeleteCustomer" time="1.023" classname="com.sgtesting.practice.Assignment6"/>
  <testcase name="logout" time="1.026" classname="com.sgtesting.practice.Assignment6"/>
  <testcase name="closeApplication" time="3.898" classname="com.sgtesting.practice.Assignment6"/>
  <testcase name="LaunchBrowser" time="11.658" classname="com.sgtesting.practice.Assignment7"/>
  <testcase name="navigate" time="6.779" classname="com.sgtesting.practice.Assignment7"/>
  <testcase name="login" time="8.863" classname="com.sgtesting.practice.Assignment7"/>
  <testcase name="CreateCustomer" time="7.462" classname="com.sgtesting.practice.Assignment7"/>
  <testcase name="CreateProject" time="4.059" classname="com.sgtesting.practice.Assignment7"/>
  <testcase name="createTask" time="0.037" classname="com.sgtesting.practice.Assignment7"/>
  <testcase name="deleteTask" time="0.077" classname="com.sgtesting.practice.Assignment7"/>
  <testcase name="DeleteProject" time="0.024" classname="com.sgtesting.practice.Assignment7"/>
  <testcase name="DeleteCustomer" time="0.05" classname="com.sgtesting.practice.Assignment7"/>
  <testcase name="logout" time="3.053" classname="com.sgtesting.practice.Assignment7"/>
  <testcase name="closeApplication" time="4.356" classname="com.sgtesting.practice.Assignment7"/>
  <testcase name="launchBrowser" time="18.831" classname="com.sgtesting.practice.Assignment8"/>
  <testcase name="navigate" time="6.96" classname="com.sgtesting.practice.Assignment8"/>
  <testcase name="Adminlogin" time="4.652" classname="com.sgtesting.practice.Assignment8"/>
  <testcase name="minimizeFlyOutWindow" time="4.546" classname="com.sgtesting.practice.Assignment8"/>
  <testcase name="User1" time="25.246" classname="com.sgtesting.practice.Assignment8"/>
  <testcase name="User2" time="0.132" classname="com.sgtesting.practice.Assignment8"/>
  <testcase name="User3" time="1.184" classname="com.sgtesting.practice.Assignment8"/>
  <testcase name="logout" time="1.123" classname="com.sgtesting.practice.Assignment8"/>
  <testcase name="User1Loging" time="0.022" classname="com.sgtesting.practice.Assignment8"/>
  <testcase name="User1logout" time="1.127" classname="com.sgtesting.practice.Assignment8"/>
  <testcase name="User2Loging" time="0.023" classname="com.sgtesting.practice.Assignment8"/>
  <testcase name="User2Logout" time="1.147" classname="com.sgtesting.practice.Assignment8"/>
  <testcase name="User3Loging" time="0.042" classname="com.sgtesting.practice.Assignment8"/>
  <testcase name="User3Logout" time="1.082" classname="com.sgtesting.practice.Assignment8"/>
  <testcase name="Admin1login" time="0.031" classname="com.sgtesting.practice.Assignment8"/>
  <testcase name="deleteUser1" time="1.111" classname="com.sgtesting.practice.Assignment8"/>
  <testcase name="deleteUser2" time="1.133" classname="com.sgtesting.practice.Assignment8"/>
  <testcase name="deleteUser3" time="1.135" classname="com.sgtesting.practice.Assignment8"/>
  <testcase name="Adminlogout" time="1.104" classname="com.sgtesting.practice.Assignment8"/>
  <testcase name="closeApplication" time="0.458" classname="com.sgtesting.practice.Assignment8"/>
  <testcase name="launchBrowser" time="3.387" classname="com.sgtesting.practice.Assignment9"/>
  <testcase name="navigate" time="5.383" classname="com.sgtesting.practice.Assignment9"/>
  <testcase name="Adminlogin" time="2.526" classname="com.sgtesting.practice.Assignment9"/>
  <testcase name="minimizeFlyOutWindow" time="2.006" classname="com.sgtesting.practice.Assignment9"/>
  <testcase name="User1" time="14.526" classname="com.sgtesting.practice.Assignment9"/>
  <testcase name="logout" time="1.174" classname="com.sgtesting.practice.Assignment9"/>
  <testcase name="User1Loging" time="0.031" classname="com.sgtesting.practice.Assignment9"/>
  <testcase name="User2" time="1.123" classname="com.sgtesting.practice.Assignment9"/>
  <testcase name="User1logout" time="1.106" classname="com.sgtesting.practice.Assignment9"/>
  <testcase name="User2Loging" time="0.028" classname="com.sgtesting.practice.Assignment9"/>
  <testcase name="User3" time="1.113" classname="com.sgtesting.practice.Assignment9"/>
  <testcase name="User2Logout" time="1.158" classname="com.sgtesting.practice.Assignment9"/>
  <testcase name="Admin1login" time="0.023" classname="com.sgtesting.practice.Assignment9"/>
  <testcase name="ModifyUser1" time="1.14" classname="com.sgtesting.practice.Assignment9"/>
  <testcase name="Admin1logout" time="1.09" classname="com.sgtesting.practice.Assignment9"/>
  <testcase name="User1LogingAgain" time="0.023" classname="com.sgtesting.practice.Assignment9"/>
  <testcase name="ModifyUser2" time="1.106" classname="com.sgtesting.practice.Assignment9"/>
  <testcase name="User1logoutAgain" time="1.169" classname="com.sgtesting.practice.Assignment9"/>
  <testcase name="User2LogingAgain" time="0.021" classname="com.sgtesting.practice.Assignment9"/>
  <testcase name="ModifyUser3" time="1.177" classname="com.sgtesting.practice.Assignment9"/>
  <testcase name="User2LogoutAgain" time="1.184" classname="com.sgtesting.practice.Assignment9"/>
  <testcase name="User2LogingAgainAgain" time="0.029" classname="com.sgtesting.practice.Assignment9"/>
  <testcase name="deleteUser3" time="1.169" classname="com.sgtesting.practice.Assignment9"/>
  <testcase name="User2LogoutAgainAgain" time="1.168" classname="com.sgtesting.practice.Assignment9"/>
  <testcase name="User1LogingAgainAgain" time="0.023" classname="com.sgtesting.practice.Assignment9"/>
  <testcase name="deleteUser2" time="1.11" classname="com.sgtesting.practice.Assignment9"/>
  <testcase name="User1logoutAgainAgain" time="1.134" classname="com.sgtesting.practice.Assignment9"/>
  <testcase name="Admin1loginAgain" time="0.026" classname="com.sgtesting.practice.Assignment9"/>
  <testcase name="deleteUser1" time="1.126" classname="com.sgtesting.practice.Assignment9"/>
  <testcase name="Admin1logoutAgainAgain" time="2.428" classname="com.sgtesting.practice.Assignment9"/>
  <testcase name="closeApplication" time="0.49" classname="com.sgtesting.practice.Assignment9"/>
</testsuite> <!-- Scenarios -->
