<?xml version="1.0" encoding="UTF-8"?>
<testng-results skipped="0" failed="0" ignored="0" total="7" passed="7">
  <reporter-output>
  </reporter-output>
  <suite name="Default suite" duration-ms="60194" started-at="2021-06-05T17:36:25 IST" finished-at="2021-06-05T17:37:25 IST">
    <groups>
    </groups>
    <test name="Default test" duration-ms="60194" started-at="2021-06-05T17:36:25 IST" finished-at="2021-06-05T17:37:25 IST">
      <class name="com.sgtesting.log4j.Assignment1">
        <test-method status="PASS" signature="LaunchBrowser()[pri:1, instance:com.sgtesting.log4j.Assignment1@44c8afef]" name="LaunchBrowser" duration-ms="8981" started-at="2021-06-05T17:36:25 IST" finished-at="2021-06-05T17:36:34 IST">
          <reporter-output>
          </reporter-output>
        </test-method> <!-- LaunchBrowser -->
        <test-method status="PASS" signature="navigate()[pri:2, instance:com.sgtesting.log4j.Assignment1@44c8afef]" name="navigate" duration-ms="21525" started-at="2021-06-05T17:36:34 IST" finished-at="2021-06-05T17:36:55 IST">
          <reporter-output>
          </reporter-output>
        </test-method> <!-- navigate -->
        <test-method status="PASS" signature="login(java.lang.String,java.lang.String)[pri:3, instance:com.sgtesting.log4j.Assignment1@44c8afef]" name="login" duration-ms="8234" started-at="2021-06-05T17:36:57 IST" data-provider="getLoginCredentials" finished-at="2021-06-05T17:37:05 IST">
          <params>
            <param index="0">
              <value>
                <![CDATA[admin]]>
              </value>
            </param>
            <param index="1">
              <value>
                <![CDATA[manager]]>
              </value>
            </param>
          </params>
          <reporter-output>
          </reporter-output>
        </test-method> <!-- login -->
        <test-method status="PASS" signature="CreateUser()[pri:4, instance:com.sgtesting.log4j.Assignment1@44c8afef]" name="CreateUser" duration-ms="14451" started-at="2021-06-05T17:37:05 IST" finished-at="2021-06-05T17:37:20 IST">
          <reporter-output>
          </reporter-output>
        </test-method> <!-- CreateUser -->
        <test-method status="PASS" signature="DeleteUser()[pri:5, instance:com.sgtesting.log4j.Assignment1@44c8afef]" name="DeleteUser" duration-ms="1439" started-at="2021-06-05T17:37:20 IST" finished-at="2021-06-05T17:37:21 IST">
          <reporter-output>
          </reporter-output>
        </test-method> <!-- DeleteUser -->
        <test-method status="PASS" signature="logout()[pri:6, instance:com.sgtesting.log4j.Assignment1@44c8afef]" name="logout" duration-ms="2743" started-at="2021-06-05T17:37:21 IST" finished-at="2021-06-05T17:37:24 IST">
          <reporter-output>
          </reporter-output>
        </test-method> <!-- logout -->
        <test-method status="PASS" signature="closeApplication()[pri:7, instance:com.sgtesting.log4j.Assignment1@44c8afef]" name="closeApplication" duration-ms="1284" started-at="2021-06-05T17:37:24 IST" finished-at="2021-06-05T17:37:25 IST">
          <reporter-output>
          </reporter-output>
        </test-method> <!-- closeApplication -->
      </class> <!-- com.sgtesting.log4j.Assignment1 -->
    </test> <!-- Default test -->
  </suite> <!-- Default suite -->
</testng-results>
